running egg_info
writing ../../build/py_bicep_angle/py_bicep_angle.egg-info/PKG-INFO
writing dependency_links to ../../build/py_bicep_angle/py_bicep_angle.egg-info/dependency_links.txt
writing entry points to ../../build/py_bicep_angle/py_bicep_angle.egg-info/entry_points.txt
writing requirements to ../../build/py_bicep_angle/py_bicep_angle.egg-info/requires.txt
writing top-level names to ../../build/py_bicep_angle/py_bicep_angle.egg-info/top_level.txt
reading manifest file '../../build/py_bicep_angle/py_bicep_angle.egg-info/SOURCES.txt'
writing manifest file '../../build/py_bicep_angle/py_bicep_angle.egg-info/SOURCES.txt'
running build
running build_py
running install
running install_lib
running install_data
running install_egg_info
removing '/home/abanardi/Documents/ros_workspaces/inmoov_workspace/install/py_bicep_angle/lib/python3.8/site-packages/py_bicep_angle-0.0.0-py3.8.egg-info' (and everything under it)
Copying ../../build/py_bicep_angle/py_bicep_angle.egg-info to /home/abanardi/Documents/ros_workspaces/inmoov_workspace/install/py_bicep_angle/lib/python3.8/site-packages/py_bicep_angle-0.0.0-py3.8.egg-info
running install_scripts
Installing listener script to /home/abanardi/Documents/ros_workspaces/inmoov_workspace/install/py_bicep_angle/lib/py_bicep_angle
Installing talker script to /home/abanardi/Documents/ros_workspaces/inmoov_workspace/install/py_bicep_angle/lib/py_bicep_angle
writing list of installed files to '/home/abanardi/Documents/ros_workspaces/inmoov_workspace/build/py_bicep_angle/install.log'
