running egg_info
creating ../../build/py_bicep_angle/py_bicep_angle.egg-info
writing ../../build/py_bicep_angle/py_bicep_angle.egg-info/PKG-INFO
writing dependency_links to ../../build/py_bicep_angle/py_bicep_angle.egg-info/dependency_links.txt
writing entry points to ../../build/py_bicep_angle/py_bicep_angle.egg-info/entry_points.txt
writing requirements to ../../build/py_bicep_angle/py_bicep_angle.egg-info/requires.txt
writing top-level names to ../../build/py_bicep_angle/py_bicep_angle.egg-info/top_level.txt
writing manifest file '../../build/py_bicep_angle/py_bicep_angle.egg-info/SOURCES.txt'
reading manifest file '../../build/py_bicep_angle/py_bicep_angle.egg-info/SOURCES.txt'
writing manifest file '../../build/py_bicep_angle/py_bicep_angle.egg-info/SOURCES.txt'
running build
running build_py
creating /home/abanardi/Documents/ros_workspaces/inmoov_workspace/build/py_bicep_angle/build
creating /home/abanardi/Documents/ros_workspaces/inmoov_workspace/build/py_bicep_angle/build/lib
creating /home/abanardi/Documents/ros_workspaces/inmoov_workspace/build/py_bicep_angle/build/lib/py_bicep_angle
copying py_bicep_angle/angle_subscriber.py -> /home/abanardi/Documents/ros_workspaces/inmoov_workspace/build/py_bicep_angle/build/lib/py_bicep_angle
copying py_bicep_angle/angle_publisher.py -> /home/abanardi/Documents/ros_workspaces/inmoov_workspace/build/py_bicep_angle/build/lib/py_bicep_angle
copying py_bicep_angle/__init__.py -> /home/abanardi/Documents/ros_workspaces/inmoov_workspace/build/py_bicep_angle/build/lib/py_bicep_angle
running install
running install_lib
creating /home/abanardi/Documents/ros_workspaces/inmoov_workspace/install/py_bicep_angle/lib/python3.8/site-packages/py_bicep_angle
copying /home/abanardi/Documents/ros_workspaces/inmoov_workspace/build/py_bicep_angle/build/lib/py_bicep_angle/angle_subscriber.py -> /home/abanardi/Documents/ros_workspaces/inmoov_workspace/install/py_bicep_angle/lib/python3.8/site-packages/py_bicep_angle
copying /home/abanardi/Documents/ros_workspaces/inmoov_workspace/build/py_bicep_angle/build/lib/py_bicep_angle/angle_publisher.py -> /home/abanardi/Documents/ros_workspaces/inmoov_workspace/install/py_bicep_angle/lib/python3.8/site-packages/py_bicep_angle
copying /home/abanardi/Documents/ros_workspaces/inmoov_workspace/build/py_bicep_angle/build/lib/py_bicep_angle/__init__.py -> /home/abanardi/Documents/ros_workspaces/inmoov_workspace/install/py_bicep_angle/lib/python3.8/site-packages/py_bicep_angle
byte-compiling /home/abanardi/Documents/ros_workspaces/inmoov_workspace/install/py_bicep_angle/lib/python3.8/site-packages/py_bicep_angle/angle_subscriber.py to angle_subscriber.cpython-38.pyc
byte-compiling /home/abanardi/Documents/ros_workspaces/inmoov_workspace/install/py_bicep_angle/lib/python3.8/site-packages/py_bicep_angle/angle_publisher.py to angle_publisher.cpython-38.pyc
byte-compiling /home/abanardi/Documents/ros_workspaces/inmoov_workspace/install/py_bicep_angle/lib/python3.8/site-packages/py_bicep_angle/__init__.py to __init__.cpython-38.pyc
running install_data
creating /home/abanardi/Documents/ros_workspaces/inmoov_workspace/install/py_bicep_angle/share/ament_index
creating /home/abanardi/Documents/ros_workspaces/inmoov_workspace/install/py_bicep_angle/share/ament_index/resource_index
creating /home/abanardi/Documents/ros_workspaces/inmoov_workspace/install/py_bicep_angle/share/ament_index/resource_index/packages
copying resource/py_bicep_angle -> /home/abanardi/Documents/ros_workspaces/inmoov_workspace/install/py_bicep_angle/share/ament_index/resource_index/packages
copying package.xml -> /home/abanardi/Documents/ros_workspaces/inmoov_workspace/install/py_bicep_angle/share/py_bicep_angle
running install_egg_info
Copying ../../build/py_bicep_angle/py_bicep_angle.egg-info to /home/abanardi/Documents/ros_workspaces/inmoov_workspace/install/py_bicep_angle/lib/python3.8/site-packages/py_bicep_angle-0.0.0-py3.8.egg-info
running install_scripts
Installing listener script to /home/abanardi/Documents/ros_workspaces/inmoov_workspace/install/py_bicep_angle/lib/py_bicep_angle
Installing talker script to /home/abanardi/Documents/ros_workspaces/inmoov_workspace/install/py_bicep_angle/lib/py_bicep_angle
writing list of installed files to '/home/abanardi/Documents/ros_workspaces/inmoov_workspace/build/py_bicep_angle/install.log'
