[0.185s] DEBUG:colcon:Command line arguments: ['/usr/bin/colcon', 'list', '-p', '--base-paths', '/home/abanardi/Documents/ros_workspaces/inmoov_workspace']
[0.185s] DEBUG:colcon:Parsed command line arguments: Namespace(allow_overriding=[], base_paths=['/home/abanardi/Documents/ros_workspaces/inmoov_workspace'], build_base='build', ignore_user_meta=False, log_base=None, log_level=None, main=<bound method ListVerb.main of <colcon_package_information.verb.list.ListVerb object at 0x7ff0db5c7fd0>>, metas=['./colcon.meta'], names_only=False, packages_above=None, packages_above_and_dependencies=None, packages_above_depth=None, packages_end=None, packages_ignore=None, packages_ignore_regex=None, packages_select=None, packages_select_build_failed=False, packages_select_by_dep=None, packages_select_regex=None, packages_select_test_failures=False, packages_skip=None, packages_skip_build_finished=False, packages_skip_by_dep=None, packages_skip_regex=None, packages_skip_test_passed=False, packages_skip_up_to=None, packages_start=None, packages_up_to=None, packages_up_to_regex=None, paths=None, paths_only=True, topological_graph=False, topological_graph_density=False, topological_graph_dot=False, topological_graph_dot_cluster=False, topological_graph_dot_include_skipped=False, topological_graph_legend=False, topological_order=False, verb_extension=<colcon_package_information.verb.list.ListVerb object at 0x7ff0db5c7fd0>, verb_name='list', verb_parser=<colcon_defaults.argument_parser.defaults.DefaultArgumentsDecorator object at 0x7ff0db4acc10>)
[0.233s] Level 1:colcon.colcon_core.package_discovery:discover_packages(colcon_meta) check parameters
[0.233s] Level 1:colcon.colcon_core.package_discovery:discover_packages(recursive) check parameters
[0.233s] Level 1:colcon.colcon_core.package_discovery:discover_packages(ignore) check parameters
[0.233s] Level 1:colcon.colcon_core.package_discovery:discover_packages(path) check parameters
[0.234s] Level 1:colcon.colcon_core.package_discovery:discover_packages(recursive) discover
[0.234s] INFO:colcon.colcon_core.package_discovery:Crawling recursively for packages in '/home/abanardi/Documents/ros_workspaces/inmoov_workspace'
[0.234s] Level 1:colcon.colcon_core.package_identification:_identify(/home/abanardi/Documents/ros_workspaces/inmoov_workspace) by extensions ['ignore', 'ignore_ament_install']
[0.234s] Level 1:colcon.colcon_core.package_identification:_identify(/home/abanardi/Documents/ros_workspaces/inmoov_workspace) by extension 'ignore'
[0.234s] Level 1:colcon.colcon_core.package_identification:_identify(/home/abanardi/Documents/ros_workspaces/inmoov_workspace) by extension 'ignore_ament_install'
[0.234s] Level 1:colcon.colcon_core.package_identification:_identify(/home/abanardi/Documents/ros_workspaces/inmoov_workspace) by extensions ['colcon_pkg']
[0.235s] Level 1:colcon.colcon_core.package_identification:_identify(/home/abanardi/Documents/ros_workspaces/inmoov_workspace) by extension 'colcon_pkg'
[0.235s] Level 1:colcon.colcon_core.package_identification:_identify(/home/abanardi/Documents/ros_workspaces/inmoov_workspace) by extensions ['colcon_meta']
[0.235s] Level 1:colcon.colcon_core.package_identification:_identify(/home/abanardi/Documents/ros_workspaces/inmoov_workspace) by extension 'colcon_meta'
[0.235s] Level 1:colcon.colcon_core.package_identification:_identify(/home/abanardi/Documents/ros_workspaces/inmoov_workspace) by extensions ['ros']
[0.235s] Level 1:colcon.colcon_core.package_identification:_identify(/home/abanardi/Documents/ros_workspaces/inmoov_workspace) by extension 'ros'
[0.256s] Level 1:colcon.colcon_core.package_identification:_identify(/home/abanardi/Documents/ros_workspaces/inmoov_workspace) by extensions ['cmake', 'python']
[0.256s] Level 1:colcon.colcon_core.package_identification:_identify(/home/abanardi/Documents/ros_workspaces/inmoov_workspace) by extension 'cmake'
[0.256s] Level 1:colcon.colcon_core.package_identification:_identify(/home/abanardi/Documents/ros_workspaces/inmoov_workspace) by extension 'python'
[0.256s] Level 1:colcon.colcon_core.package_identification:_identify(/home/abanardi/Documents/ros_workspaces/inmoov_workspace) by extensions ['python_setup_py']
[0.256s] Level 1:colcon.colcon_core.package_identification:_identify(/home/abanardi/Documents/ros_workspaces/inmoov_workspace) by extension 'python_setup_py'
[0.257s] Level 1:colcon.colcon_core.package_identification:_identify(/home/abanardi/Documents/ros_workspaces/inmoov_workspace/log) by extensions ['ignore', 'ignore_ament_install']
[0.257s] Level 1:colcon.colcon_core.package_identification:_identify(/home/abanardi/Documents/ros_workspaces/inmoov_workspace/log) by extension 'ignore'
[0.257s] Level 1:colcon.colcon_core.package_identification:_identify(/home/abanardi/Documents/ros_workspaces/inmoov_workspace/log) ignored
[0.257s] Level 1:colcon.colcon_core.package_identification:_identify(/home/abanardi/Documents/ros_workspaces/inmoov_workspace/src) by extensions ['ignore', 'ignore_ament_install']
[0.257s] Level 1:colcon.colcon_core.package_identification:_identify(/home/abanardi/Documents/ros_workspaces/inmoov_workspace/src) by extension 'ignore'
[0.257s] Level 1:colcon.colcon_core.package_identification:_identify(/home/abanardi/Documents/ros_workspaces/inmoov_workspace/src) by extension 'ignore_ament_install'
[0.258s] Level 1:colcon.colcon_core.package_identification:_identify(/home/abanardi/Documents/ros_workspaces/inmoov_workspace/src) by extensions ['colcon_pkg']
[0.258s] Level 1:colcon.colcon_core.package_identification:_identify(/home/abanardi/Documents/ros_workspaces/inmoov_workspace/src) by extension 'colcon_pkg'
[0.258s] Level 1:colcon.colcon_core.package_identification:_identify(/home/abanardi/Documents/ros_workspaces/inmoov_workspace/src) by extensions ['colcon_meta']
[0.258s] Level 1:colcon.colcon_core.package_identification:_identify(/home/abanardi/Documents/ros_workspaces/inmoov_workspace/src) by extension 'colcon_meta'
[0.258s] Level 1:colcon.colcon_core.package_identification:_identify(/home/abanardi/Documents/ros_workspaces/inmoov_workspace/src) by extensions ['ros']
[0.258s] Level 1:colcon.colcon_core.package_identification:_identify(/home/abanardi/Documents/ros_workspaces/inmoov_workspace/src) by extension 'ros'
[0.258s] Level 1:colcon.colcon_core.package_identification:_identify(/home/abanardi/Documents/ros_workspaces/inmoov_workspace/src) by extensions ['cmake', 'python']
[0.258s] Level 1:colcon.colcon_core.package_identification:_identify(/home/abanardi/Documents/ros_workspaces/inmoov_workspace/src) by extension 'cmake'
[0.258s] Level 1:colcon.colcon_core.package_identification:_identify(/home/abanardi/Documents/ros_workspaces/inmoov_workspace/src) by extension 'python'
[0.258s] Level 1:colcon.colcon_core.package_identification:_identify(/home/abanardi/Documents/ros_workspaces/inmoov_workspace/src) by extensions ['python_setup_py']
[0.258s] Level 1:colcon.colcon_core.package_identification:_identify(/home/abanardi/Documents/ros_workspaces/inmoov_workspace/src) by extension 'python_setup_py'
[0.259s] Level 1:colcon.colcon_core.package_identification:_identify(/home/abanardi/Documents/ros_workspaces/inmoov_workspace/src/py_bicep_angle) by extensions ['ignore', 'ignore_ament_install']
[0.259s] Level 1:colcon.colcon_core.package_identification:_identify(/home/abanardi/Documents/ros_workspaces/inmoov_workspace/src/py_bicep_angle) by extension 'ignore'
[0.259s] Level 1:colcon.colcon_core.package_identification:_identify(/home/abanardi/Documents/ros_workspaces/inmoov_workspace/src/py_bicep_angle) by extension 'ignore_ament_install'
[0.259s] Level 1:colcon.colcon_core.package_identification:_identify(/home/abanardi/Documents/ros_workspaces/inmoov_workspace/src/py_bicep_angle) by extensions ['colcon_pkg']
[0.259s] Level 1:colcon.colcon_core.package_identification:_identify(/home/abanardi/Documents/ros_workspaces/inmoov_workspace/src/py_bicep_angle) by extension 'colcon_pkg'
[0.259s] Level 1:colcon.colcon_core.package_identification:_identify(/home/abanardi/Documents/ros_workspaces/inmoov_workspace/src/py_bicep_angle) by extensions ['colcon_meta']
[0.259s] Level 1:colcon.colcon_core.package_identification:_identify(/home/abanardi/Documents/ros_workspaces/inmoov_workspace/src/py_bicep_angle) by extension 'colcon_meta'
[0.259s] Level 1:colcon.colcon_core.package_identification:_identify(/home/abanardi/Documents/ros_workspaces/inmoov_workspace/src/py_bicep_angle) by extensions ['ros']
[0.260s] Level 1:colcon.colcon_core.package_identification:_identify(/home/abanardi/Documents/ros_workspaces/inmoov_workspace/src/py_bicep_angle) by extension 'ros'
[0.264s] DEBUG:colcon.colcon_core.package_identification:Package '/home/abanardi/Documents/ros_workspaces/inmoov_workspace/src/py_bicep_angle' with type 'ros.ament_python' and name 'py_bicep_angle'
[0.264s] Level 1:colcon.colcon_core.package_discovery:discover_packages(recursive) using defaults
