[0.183s] DEBUG:colcon:Command line arguments: ['/usr/bin/colcon', 'build']
[0.184s] DEBUG:colcon:Parsed command line arguments: Namespace(allow_overriding=[], ament_cmake_args=None, base_paths=['.'], build_base='build', catkin_cmake_args=None, catkin_skip_building_tests=False, cmake_args=None, cmake_clean_cache=False, cmake_clean_first=False, cmake_force_configure=False, cmake_target=None, cmake_target_skip_unavailable=False, continue_on_error=False, event_handlers=None, executor='parallel', ignore_user_meta=False, install_base='install', log_base=None, log_level=None, main=<bound method BuildVerb.main of <colcon_core.verb.build.BuildVerb object at 0x7f36431a3910>>, merge_install=False, metas=['./colcon.meta'], packages_above=None, packages_above_and_dependencies=None, packages_above_depth=None, packages_end=None, packages_ignore=None, packages_ignore_regex=None, packages_select=None, packages_select_build_failed=False, packages_select_by_dep=None, packages_select_regex=None, packages_select_test_failures=False, packages_skip=None, packages_skip_build_finished=False, packages_skip_by_dep=None, packages_skip_regex=None, packages_skip_test_passed=False, packages_skip_up_to=None, packages_start=None, packages_up_to=None, packages_up_to_regex=None, parallel_workers=8, paths=None, symlink_install=False, test_result_base=None, verb_extension=<colcon_core.verb.build.BuildVerb object at 0x7f36431a3910>, verb_name='build', verb_parser=<colcon_defaults.argument_parser.defaults.DefaultArgumentsDecorator object at 0x7f36431a3e80>)
[0.217s] Level 1:colcon.colcon_core.package_discovery:discover_packages(colcon_meta) check parameters
[0.217s] Level 1:colcon.colcon_core.package_discovery:discover_packages(recursive) check parameters
[0.217s] Level 1:colcon.colcon_core.package_discovery:discover_packages(ignore) check parameters
[0.217s] Level 1:colcon.colcon_core.package_discovery:discover_packages(path) check parameters
[0.218s] Level 1:colcon.colcon_core.package_discovery:discover_packages(colcon_meta) discover
[0.218s] Level 1:colcon.colcon_core.package_discovery:discover_packages(recursive) discover
[0.218s] INFO:colcon.colcon_core.package_discovery:Crawling recursively for packages in '/home/abanardi/Documents/ros_workspaces/inmoov_workspace'
[0.218s] Level 1:colcon.colcon_core.package_identification:_identify(.) by extensions ['ignore', 'ignore_ament_install']
[0.218s] Level 1:colcon.colcon_core.package_identification:_identify(.) by extension 'ignore'
[0.218s] Level 1:colcon.colcon_core.package_identification:_identify(.) by extension 'ignore_ament_install'
[0.218s] Level 1:colcon.colcon_core.package_identification:_identify(.) by extensions ['colcon_pkg']
[0.218s] Level 1:colcon.colcon_core.package_identification:_identify(.) by extension 'colcon_pkg'
[0.218s] Level 1:colcon.colcon_core.package_identification:_identify(.) by extensions ['colcon_meta']
[0.218s] Level 1:colcon.colcon_core.package_identification:_identify(.) by extension 'colcon_meta'
[0.218s] Level 1:colcon.colcon_core.package_identification:_identify(.) by extensions ['ros']
[0.219s] Level 1:colcon.colcon_core.package_identification:_identify(.) by extension 'ros'
[0.235s] Level 1:colcon.colcon_core.package_identification:_identify(.) by extensions ['cmake', 'python']
[0.235s] Level 1:colcon.colcon_core.package_identification:_identify(.) by extension 'cmake'
[0.235s] Level 1:colcon.colcon_core.package_identification:_identify(.) by extension 'python'
[0.235s] Level 1:colcon.colcon_core.package_identification:_identify(.) by extensions ['python_setup_py']
[0.235s] Level 1:colcon.colcon_core.package_identification:_identify(.) by extension 'python_setup_py'
[0.235s] Level 1:colcon.colcon_core.package_identification:_identify(build) by extensions ['ignore', 'ignore_ament_install']
[0.235s] Level 1:colcon.colcon_core.package_identification:_identify(build) by extension 'ignore'
[0.235s] Level 1:colcon.colcon_core.package_identification:_identify(build) ignored
[0.236s] Level 1:colcon.colcon_core.package_identification:_identify(install) by extensions ['ignore', 'ignore_ament_install']
[0.236s] Level 1:colcon.colcon_core.package_identification:_identify(install) by extension 'ignore'
[0.236s] Level 1:colcon.colcon_core.package_identification:_identify(install) ignored
[0.236s] Level 1:colcon.colcon_core.package_identification:_identify(log) by extensions ['ignore', 'ignore_ament_install']
[0.236s] Level 1:colcon.colcon_core.package_identification:_identify(log) by extension 'ignore'
[0.236s] Level 1:colcon.colcon_core.package_identification:_identify(log) ignored
[0.236s] Level 1:colcon.colcon_core.package_identification:_identify(src) by extensions ['ignore', 'ignore_ament_install']
[0.236s] Level 1:colcon.colcon_core.package_identification:_identify(src) by extension 'ignore'
[0.236s] Level 1:colcon.colcon_core.package_identification:_identify(src) by extension 'ignore_ament_install'
[0.236s] Level 1:colcon.colcon_core.package_identification:_identify(src) by extensions ['colcon_pkg']
[0.236s] Level 1:colcon.colcon_core.package_identification:_identify(src) by extension 'colcon_pkg'
[0.237s] Level 1:colcon.colcon_core.package_identification:_identify(src) by extensions ['colcon_meta']
[0.237s] Level 1:colcon.colcon_core.package_identification:_identify(src) by extension 'colcon_meta'
[0.237s] Level 1:colcon.colcon_core.package_identification:_identify(src) by extensions ['ros']
[0.237s] Level 1:colcon.colcon_core.package_identification:_identify(src) by extension 'ros'
[0.237s] Level 1:colcon.colcon_core.package_identification:_identify(src) by extensions ['cmake', 'python']
[0.237s] Level 1:colcon.colcon_core.package_identification:_identify(src) by extension 'cmake'
[0.237s] Level 1:colcon.colcon_core.package_identification:_identify(src) by extension 'python'
[0.237s] Level 1:colcon.colcon_core.package_identification:_identify(src) by extensions ['python_setup_py']
[0.237s] Level 1:colcon.colcon_core.package_identification:_identify(src) by extension 'python_setup_py'
[0.237s] Level 1:colcon.colcon_core.package_identification:_identify(src/py_bicep_angle) by extensions ['ignore', 'ignore_ament_install']
[0.237s] Level 1:colcon.colcon_core.package_identification:_identify(src/py_bicep_angle) by extension 'ignore'
[0.237s] Level 1:colcon.colcon_core.package_identification:_identify(src/py_bicep_angle) by extension 'ignore_ament_install'
[0.237s] Level 1:colcon.colcon_core.package_identification:_identify(src/py_bicep_angle) by extensions ['colcon_pkg']
[0.237s] Level 1:colcon.colcon_core.package_identification:_identify(src/py_bicep_angle) by extension 'colcon_pkg'
[0.238s] Level 1:colcon.colcon_core.package_identification:_identify(src/py_bicep_angle) by extensions ['colcon_meta']
[0.238s] Level 1:colcon.colcon_core.package_identification:_identify(src/py_bicep_angle) by extension 'colcon_meta'
[0.238s] Level 1:colcon.colcon_core.package_identification:_identify(src/py_bicep_angle) by extensions ['ros']
[0.238s] Level 1:colcon.colcon_core.package_identification:_identify(src/py_bicep_angle) by extension 'ros'
[0.242s] DEBUG:colcon.colcon_core.package_identification:Package 'src/py_bicep_angle' with type 'ros.ament_python' and name 'py_bicep_angle'
[0.242s] Level 1:colcon.colcon_core.package_discovery:discover_packages(recursive) using defaults
[0.242s] Level 1:colcon.colcon_core.package_discovery:discover_packages(ignore) discover
[0.242s] Level 1:colcon.colcon_core.package_discovery:discover_packages(ignore) using defaults
[0.242s] Level 1:colcon.colcon_core.package_discovery:discover_packages(path) discover
[0.242s] Level 1:colcon.colcon_core.package_discovery:discover_packages(path) using defaults
[0.268s] Level 1:colcon.colcon_core.package_discovery:discover_packages(prefix_path) check parameters
[0.268s] Level 1:colcon.colcon_core.package_discovery:discover_packages(prefix_path) discover
[0.272s] DEBUG:colcon.colcon_installed_package_information.package_discovery:Found 6 installed packages in /home/abanardi/Documents/ros_workspaces/dev_ws/install
[0.274s] DEBUG:colcon.colcon_installed_package_information.package_discovery:Found 2 installed packages in /home/abanardi/Documents/ros_workspaces/test_workspace/install
[0.278s] DEBUG:colcon.colcon_installed_package_information.package_discovery:Found 263 installed packages in /opt/ros/foxy
[0.281s] Level 1:colcon.colcon_core.package_discovery:discover_packages(prefix_path) using defaults
[0.404s] Level 5:colcon.colcon_core.verb:set package 'py_bicep_angle' build argument 'cmake_args' from command line to 'None'
[0.404s] Level 5:colcon.colcon_core.verb:set package 'py_bicep_angle' build argument 'cmake_target' from command line to 'None'
[0.404s] Level 5:colcon.colcon_core.verb:set package 'py_bicep_angle' build argument 'cmake_target_skip_unavailable' from command line to 'False'
[0.404s] Level 5:colcon.colcon_core.verb:set package 'py_bicep_angle' build argument 'cmake_clean_cache' from command line to 'False'
[0.404s] Level 5:colcon.colcon_core.verb:set package 'py_bicep_angle' build argument 'cmake_clean_first' from command line to 'False'
[0.404s] Level 5:colcon.colcon_core.verb:set package 'py_bicep_angle' build argument 'cmake_force_configure' from command line to 'False'
[0.404s] Level 5:colcon.colcon_core.verb:set package 'py_bicep_angle' build argument 'ament_cmake_args' from command line to 'None'
[0.404s] Level 5:colcon.colcon_core.verb:set package 'py_bicep_angle' build argument 'catkin_cmake_args' from command line to 'None'
[0.404s] Level 5:colcon.colcon_core.verb:set package 'py_bicep_angle' build argument 'catkin_skip_building_tests' from command line to 'False'
[0.404s] DEBUG:colcon.colcon_core.verb:Building package 'py_bicep_angle' with the following arguments: {'ament_cmake_args': None, 'build_base': '/home/abanardi/Documents/ros_workspaces/inmoov_workspace/build/py_bicep_angle', 'catkin_cmake_args': None, 'catkin_skip_building_tests': False, 'cmake_args': None, 'cmake_clean_cache': False, 'cmake_clean_first': False, 'cmake_force_configure': False, 'cmake_target': None, 'cmake_target_skip_unavailable': False, 'install_base': '/home/abanardi/Documents/ros_workspaces/inmoov_workspace/install/py_bicep_angle', 'merge_install': False, 'path': '/home/abanardi/Documents/ros_workspaces/inmoov_workspace/src/py_bicep_angle', 'symlink_install': False, 'test_result_base': None}
[0.405s] INFO:colcon.colcon_core.executor:Executing jobs using 'parallel' executor
[0.408s] DEBUG:colcon.colcon_parallel_executor.executor.parallel:run_until_complete
[0.408s] INFO:colcon.colcon_ros.task.ament_python.build:Building ROS package in '/home/abanardi/Documents/ros_workspaces/inmoov_workspace/src/py_bicep_angle' with build type 'ament_python'
[0.408s] Level 1:colcon.colcon_core.shell:create_environment_hook('py_bicep_angle', 'ament_prefix_path')
[0.413s] INFO:colcon.colcon_core.plugin_system:Skipping extension 'colcon_core.shell.bat': Not used on non-Windows systems
[0.413s] INFO:colcon.colcon_core.shell:Creating environment hook '/home/abanardi/Documents/ros_workspaces/inmoov_workspace/install/py_bicep_angle/share/py_bicep_angle/hook/ament_prefix_path.ps1'
[0.414s] INFO:colcon.colcon_core.shell:Creating environment descriptor '/home/abanardi/Documents/ros_workspaces/inmoov_workspace/install/py_bicep_angle/share/py_bicep_angle/hook/ament_prefix_path.dsv'
[0.414s] INFO:colcon.colcon_core.shell:Creating environment hook '/home/abanardi/Documents/ros_workspaces/inmoov_workspace/install/py_bicep_angle/share/py_bicep_angle/hook/ament_prefix_path.sh'
[0.416s] INFO:colcon.colcon_core.shell:Skip shell extension 'powershell' for command environment: Not usable outside of PowerShell
[0.416s] DEBUG:colcon.colcon_core.shell:Skip shell extension 'dsv' for command environment
[0.734s] INFO:colcon.colcon_core.task.python.build:Building Python package in '/home/abanardi/Documents/ros_workspaces/inmoov_workspace/src/py_bicep_angle'
[0.735s] INFO:colcon.colcon_core.shell:Skip shell extension 'powershell' for command environment: Not usable outside of PowerShell
[0.735s] DEBUG:colcon.colcon_core.shell:Skip shell extension 'dsv' for command environment
[1.305s] DEBUG:colcon.colcon_core.event_handler.log_command:Invoking command in '/home/abanardi/Documents/ros_workspaces/inmoov_workspace/src/py_bicep_angle': PYTHONPATH=/home/abanardi/Documents/ros_workspaces/inmoov_workspace/install/py_bicep_angle/lib/python3.8/site-packages:${PYTHONPATH} /usr/bin/python3 setup.py egg_info --egg-base ../../build/py_bicep_angle build --build-base /home/abanardi/Documents/ros_workspaces/inmoov_workspace/build/py_bicep_angle/build install --prefix /home/abanardi/Documents/ros_workspaces/inmoov_workspace/install/py_bicep_angle --record /home/abanardi/Documents/ros_workspaces/inmoov_workspace/build/py_bicep_angle/install.log --single-version-externally-managed
[1.736s] DEBUG:colcon.colcon_core.event_handler.log_command:Invoked command in '/home/abanardi/Documents/ros_workspaces/inmoov_workspace/src/py_bicep_angle' returned '0': PYTHONPATH=/home/abanardi/Documents/ros_workspaces/inmoov_workspace/install/py_bicep_angle/lib/python3.8/site-packages:${PYTHONPATH} /usr/bin/python3 setup.py egg_info --egg-base ../../build/py_bicep_angle build --build-base /home/abanardi/Documents/ros_workspaces/inmoov_workspace/build/py_bicep_angle/build install --prefix /home/abanardi/Documents/ros_workspaces/inmoov_workspace/install/py_bicep_angle --record /home/abanardi/Documents/ros_workspaces/inmoov_workspace/build/py_bicep_angle/install.log --single-version-externally-managed
[1.741s] Level 1:colcon.colcon_core.environment:checking '/home/abanardi/Documents/ros_workspaces/inmoov_workspace/install/py_bicep_angle' for CMake module files
[1.742s] Level 1:colcon.colcon_core.environment:checking '/home/abanardi/Documents/ros_workspaces/inmoov_workspace/install/py_bicep_angle' for CMake config files
[1.744s] Level 1:colcon.colcon_core.environment:checking '/home/abanardi/Documents/ros_workspaces/inmoov_workspace/install/py_bicep_angle/lib'
[1.744s] Level 1:colcon.colcon_core.environment:checking '/home/abanardi/Documents/ros_workspaces/inmoov_workspace/install/py_bicep_angle/bin'
[1.744s] Level 1:colcon.colcon_core.environment:checking '/home/abanardi/Documents/ros_workspaces/inmoov_workspace/install/py_bicep_angle/lib/pkgconfig/py_bicep_angle.pc'
[1.744s] Level 1:colcon.colcon_core.environment:checking '/home/abanardi/Documents/ros_workspaces/inmoov_workspace/install/py_bicep_angle/lib/python3.8/site-packages'
[1.745s] Level 1:colcon.colcon_core.shell:create_environment_hook('py_bicep_angle', 'pythonpath')
[1.746s] INFO:colcon.colcon_core.shell:Creating environment hook '/home/abanardi/Documents/ros_workspaces/inmoov_workspace/install/py_bicep_angle/share/py_bicep_angle/hook/pythonpath.ps1'
[1.746s] INFO:colcon.colcon_core.shell:Creating environment descriptor '/home/abanardi/Documents/ros_workspaces/inmoov_workspace/install/py_bicep_angle/share/py_bicep_angle/hook/pythonpath.dsv'
[1.747s] INFO:colcon.colcon_core.shell:Creating environment hook '/home/abanardi/Documents/ros_workspaces/inmoov_workspace/install/py_bicep_angle/share/py_bicep_angle/hook/pythonpath.sh'
[1.747s] Level 1:colcon.colcon_core.environment:checking '/home/abanardi/Documents/ros_workspaces/inmoov_workspace/install/py_bicep_angle/bin'
[1.747s] Level 1:colcon.colcon_core.environment:create_environment_scripts_only(py_bicep_angle)
[1.749s] INFO:colcon.colcon_core.shell:Creating package script '/home/abanardi/Documents/ros_workspaces/inmoov_workspace/install/py_bicep_angle/share/py_bicep_angle/package.ps1'
[1.750s] INFO:colcon.colcon_core.shell:Creating package descriptor '/home/abanardi/Documents/ros_workspaces/inmoov_workspace/install/py_bicep_angle/share/py_bicep_angle/package.dsv'
[1.751s] INFO:colcon.colcon_core.shell:Creating package script '/home/abanardi/Documents/ros_workspaces/inmoov_workspace/install/py_bicep_angle/share/py_bicep_angle/package.sh'
[1.753s] INFO:colcon.colcon_core.shell:Creating package script '/home/abanardi/Documents/ros_workspaces/inmoov_workspace/install/py_bicep_angle/share/py_bicep_angle/package.bash'
[1.754s] INFO:colcon.colcon_core.shell:Creating package script '/home/abanardi/Documents/ros_workspaces/inmoov_workspace/install/py_bicep_angle/share/py_bicep_angle/package.zsh'
[1.755s] Level 1:colcon.colcon_core.environment:create_file_with_runtime_dependencies(/home/abanardi/Documents/ros_workspaces/inmoov_workspace/install/py_bicep_angle/share/colcon-core/packages/py_bicep_angle)
[1.756s] DEBUG:colcon.colcon_parallel_executor.executor.parallel:closing loop
[1.756s] DEBUG:colcon.colcon_parallel_executor.executor.parallel:loop closed
[1.757s] DEBUG:colcon.colcon_parallel_executor.executor.parallel:run_until_complete finished with '0'
[1.757s] DEBUG:colcon.colcon_core.event_reactor:joining thread
[1.765s] INFO:colcon.colcon_core.plugin_system:Skipping extension 'colcon_notification.desktop_notification.terminal_notifier': Not used on non-Darwin systems
[1.765s] INFO:colcon.colcon_core.plugin_system:Skipping extension 'colcon_notification.desktop_notification.win32': Not used on non-Windows systems
[1.765s] INFO:colcon.colcon_notification.desktop_notification:Sending desktop notification using 'notify2'
[1.792s] DEBUG:colcon.colcon_core.event_reactor:joined thread
[1.793s] INFO:colcon.colcon_core.shell:Creating prefix script '/home/abanardi/Documents/ros_workspaces/inmoov_workspace/install/local_setup.ps1'
[1.796s] INFO:colcon.colcon_core.shell:Creating prefix util module '/home/abanardi/Documents/ros_workspaces/inmoov_workspace/install/_local_setup_util_ps1.py'
[1.798s] INFO:colcon.colcon_core.shell:Creating prefix chain script '/home/abanardi/Documents/ros_workspaces/inmoov_workspace/install/setup.ps1'
[1.800s] INFO:colcon.colcon_core.shell:Creating prefix script '/home/abanardi/Documents/ros_workspaces/inmoov_workspace/install/local_setup.sh'
[1.801s] INFO:colcon.colcon_core.shell:Creating prefix util module '/home/abanardi/Documents/ros_workspaces/inmoov_workspace/install/_local_setup_util_sh.py'
[1.801s] INFO:colcon.colcon_core.shell:Creating prefix chain script '/home/abanardi/Documents/ros_workspaces/inmoov_workspace/install/setup.sh'
[1.804s] INFO:colcon.colcon_core.shell:Creating prefix script '/home/abanardi/Documents/ros_workspaces/inmoov_workspace/install/local_setup.bash'
[1.804s] INFO:colcon.colcon_core.shell:Creating prefix chain script '/home/abanardi/Documents/ros_workspaces/inmoov_workspace/install/setup.bash'
[1.807s] INFO:colcon.colcon_core.shell:Creating prefix script '/home/abanardi/Documents/ros_workspaces/inmoov_workspace/install/local_setup.zsh'
[1.807s] INFO:colcon.colcon_core.shell:Creating prefix chain script '/home/abanardi/Documents/ros_workspaces/inmoov_workspace/install/setup.zsh'
